<?xml version="1.0" encoding="UTF-8"?>
<!-- Generated by org.testng.reporters.JUnitReportReporter -->
<testsuite hostname="DESKTOP-JL3SFV8" failures="0" tests="2" name="practice.hometest.HomePageSampleTest" time="0.022" errors="0" timestamp="2024-06-15T12:59:03 IST" skipped="0">
  <testcase classname="practice.hometest.HomePageSampleTest" name="homepagetest" time="0.017">
    <system-out>
      <![CDATA[homepagetestTest Start
step-1
step-2
step-3
step-4
homepagetestTest End]]>
    </system-out>
  </testcase> <!-- homepagetest -->
  <testcase classname="practice.hometest.HomePageSampleTest" name="verifyLogoHomePage" time="0.005">
    <system-out>
      <![CDATA[verifyLogoHomePageTest Start
step-1
step-2
step-3
step-4
verifyLogoHomePageTest End]]>
    </system-out>
  </testcase> <!-- verifyLogoHomePage -->
  <system-out>
    <![CDATA[homepagetestTest Start
step-1
step-2
step-3
step-4
homepagetestTest End
verifyLogoHomePageTest Start
step-1
step-2
step-3
step-4
verifyLogoHomePageTest End]]>
  </system-out>
</testsuite> <!-- practice.hometest.HomePageSampleTest -->
