<?xml version="1.0" encoding="UTF-8"?>
<!-- Generated by org.testng.reporters.JUnitReportReporter -->
<testsuite hostname="DESKTOP-JL3SFV8" failures="0" tests="1" name="practice.testng.SampleReportTest" time="3.362" errors="0" timestamp="2024-06-21T14:51:59 IST" skipped="0">
  <testcase classname="practice.testng.SampleReportTest" name="createContactTest" time="3.362"/>
</testsuite> <!-- practice.testng.SampleReportTest -->
