<?xml version="1.0" encoding="UTF-8"?>
<!-- Generated by org.testng.reporters.JUnitReportReporter -->
<testsuite hostname="DESKTOP-JL3SFV8" failures="0" tests="1" name="practice.datadriventesting.ReadDataFromTestNGXmlTest" time="0.017" errors="0" timestamp="2024-05-21T16:32:01 IST" skipped="0">
  <testcase classname="practice.datadriventesting.ReadDataFromTestNGXmlTest" name="sampleTest" time="0.017"/>
</testsuite> <!-- practice.datadriventesting.ReadDataFromTestNGXmlTest -->
