<?xml version="1.0" encoding="UTF-8"?>
<!-- Generated by org.testng.reporters.JUnitReportReporter -->
<testsuite hostname="DESKTOP-JL3SFV8" failures="0" tests="1" name="practice.datadriventesting.SampleUnitTestCheckProjectInBackEnd" time="0.411" errors="0" timestamp="2024-05-23T12:33:35 IST" skipped="0">
  <testcase classname="practice.datadriventesting.SampleUnitTestCheckProjectInBackEnd" name="projectCheckTest" time="0.411"/>
</testsuite> <!-- practice.datadriventesting.SampleUnitTestCheckProjectInBackEnd -->
