<?xml version="1.0" encoding="UTF-8"?>
<!-- Generated by org.testng.reporters.JUnitReportReporter -->
<testsuite hostname="DESKTOP-JL3SFV8" failures="0" tests="2" name="practice.testng.SampleTest" time="0.012" errors="0" timestamp="2024-06-08T15:26:34 IST" skipped="0">
  <testcase classname="practice.testng.SampleTest" name="test2" time="0.002"/>
  <testcase classname="practice.testng.SampleTest" name="test1" time="0.010"/>
</testsuite> <!-- practice.testng.SampleTest -->
