<?xml version="1.0" encoding="UTF-8"?>
<!-- Generated by org.testng.reporters.JUnitReportReporter -->
<testsuite hostname="DESKTOP-JL3SFV8" failures="0" tests="4" name="practice.testng.Prac" time="0.024" errors="0" timestamp="2024-06-11T09:37:39 IST" skipped="0">
  <testcase classname="practice.testng.Prac" name="sample3" time="0.002"/>
  <testcase classname="practice.testng.Prac" name="sample4" time="0.017"/>
  <testcase classname="practice.testng.Prac" name="sample2" time="0.003"/>
  <testcase classname="practice.testng.Prac" name="sample1" time="0.002"/>
</testsuite> <!-- practice.testng.Prac -->
