<?xml version="1.0" encoding="UTF-8"?>
<!-- Generated by org.testng.reporters.JUnitReportReporter -->
<testsuite hostname="DESKTOP-JL3SFV8" failures="0" tests="3" name="practice.testng.ContactTest" time="0.015" errors="0" timestamp="2024-06-08T16:12:05 IST" skipped="0">
  <testcase classname="practice.testng.ContactTest" name="createContact" time="0.011"/>
  <testcase classname="practice.testng.ContactTest" name="modifyContactTest" time="0.002"/>
  <testcase classname="practice.testng.ContactTest" name="deletContactTest" time="0.002"/>
</testsuite> <!-- practice.testng.ContactTest -->
