<?xml version="1.0" encoding="UTF-8"?>
<!-- Generated by org.testng.reporters.JUnitReportReporter -->
<testsuite hostname="DESKTOP-JL3SFV8" failures="0" tests="1" name="practice.contacttest.CreateContactTest" time="12.237" errors="0" timestamp="2024-06-15T12:36:05 IST" skipped="0">
  <testcase classname="practice.contacttest.CreateContactTest" name="createContact" time="12.237"/>
</testsuite> <!-- practice.contacttest.CreateContactTest -->
