<?xml version="1.0" encoding="UTF-8"?>
<!-- Generated by org.testng.reporters.JUnitReportReporter -->
<testsuite hostname="DESKTOP-JL3SFV8" failures="0" tests="1" name="basicSelenium.PopupNotification_Scenarion" time="16.837" errors="0" timestamp="2024-05-26T19:53:46 IST" skipped="0">
  <testcase classname="basicSelenium.PopupNotification_Scenarion" name="defaultsAlert" time="16.837"/>
</testsuite> <!-- basicSelenium.PopupNotification_Scenarion -->
