<?xml version="1.0" encoding="UTF-8"?>
<!-- Generated by org.testng.reporters.JUnitReportReporter -->
<testsuite hostname="DESKTOP-JL3SFV8" failures="0" tests="1" name="basicSelenium.samp" time="24.170" errors="0" timestamp="2024-05-26T01:19:30 IST" skipped="0">
  <testcase classname="basicSelenium.samp" name="disabled" time="24.170"/>
</testsuite> <!-- basicSelenium.samp -->
