<?xml version="1.0" encoding="UTF-8"?>
<!-- Generated by org.testng.reporters.JUnitReportReporter -->
<testsuite hostname="DESKTOP-JL3SFV8" failures="0" tests="2" name="basicSelenium.MouseAction" time="38.035" errors="0" timestamp="2024-05-27T12:49:41 IST" skipped="0">
  <testcase classname="basicSelenium.MouseAction" name="dragAndDrop" time="18.815"/>
  <testcase classname="basicSelenium.MouseAction" name="dragAndDropMultiple" time="19.220"/>
</testsuite> <!-- basicSelenium.MouseAction -->
