<?xml version="1.0" encoding="UTF-8"?>
<!-- Generated by org.testng.reporters.JUnitReportReporter -->
<testsuite hostname="DESKTOP-JL3SFV8" failures="0" tests="3" name="basicSelenium.Frames" time="54.636" errors="0" timestamp="2024-05-27T16:11:31 IST" skipped="0">
  <testcase classname="basicSelenium.Frames" name="iframeLogin" time="14.475"/>
  <testcase classname="basicSelenium.Frames" name="nestedMulFrame" time="19.316"/>
  <testcase classname="basicSelenium.Frames" name="nestedFrame" time="20.845"/>
</testsuite> <!-- basicSelenium.Frames -->
