<?xml version="1.0" encoding="UTF-8"?>
<!-- Generated by org.testng.reporters.JUnitReportReporter -->
<testsuite hostname="DESKTOP-JL3SFV8" failures="0" tests="5" name="basicSelenium.Button_Scenario" time="102.461" errors="0" timestamp="2024-10-08T12:35:41 IST" skipped="0">
  <testcase classname="basicSelenium.Button_Scenario" name="defaultClick" time="13.634"/>
  <testcase classname="basicSelenium.Button_Scenario" name="rightClick" time="23.088"/>
  <testcase classname="basicSelenium.Button_Scenario" name="doubleClick" time="20.515"/>
  <testcase classname="basicSelenium.Button_Scenario" name="submitClick" time="20.352"/>
  <testcase classname="basicSelenium.Button_Scenario" name="disabled" time="24.872"/>
</testsuite> <!-- basicSelenium.Button_Scenario -->
