<?xml version="1.0" encoding="UTF-8"?>
<!-- Generated by org.testng.reporters.JUnitReportReporter -->
<testsuite hostname="DESKTOP-JL3SFV8" failures="0" tests="3" name="basicSelenium.PopupJS" time="56.395" errors="0" timestamp="2024-05-26T17:08:50 IST" skipped="0">
  <testcase classname="basicSelenium.PopupJS" name="defaultsAlert" time="19.104"/>
  <testcase classname="basicSelenium.PopupJS" name="confirm" time="18.688"/>
  <testcase classname="basicSelenium.PopupJS" name="prompt" time="18.603"/>
</testsuite> <!-- basicSelenium.PopupJS -->
