<?xml version="1.0" encoding="UTF-8"?>
<!-- Generated by org.testng.reporters.JUnitReportReporter -->
<testsuite hostname="DESKTOP-JL3SFV8" failures="0" tests="3" name="practice.testng.ContactTest_DependsOn" time="0.017" errors="0" timestamp="2024-06-11T16:33:57 IST" skipped="0">
  <testcase classname="practice.testng.ContactTest_DependsOn" name="createContactTest" time="0.013"/>
  <testcase classname="practice.testng.ContactTest_DependsOn" name="modifyContactTest" time="0.002"/>
  <testcase classname="practice.testng.ContactTest_DependsOn" name="deletContactTest" time="0.002"/>
</testsuite> <!-- practice.testng.ContactTest_DependsOn -->
