<?xml version="1.0" encoding="UTF-8"?>
<!-- Generated by org.testng.reporters.JUnitReportReporter -->
<testsuite hostname="DESKTOP-JL3SFV8" failures="0" tests="1" name="basicSelenium.Mousehover" time="17.696" errors="0" timestamp="2024-05-30T17:54:23 IST" skipped="0">
  <testcase classname="basicSelenium.Mousehover" name="dragAndDrop" time="17.696"/>
</testsuite> <!-- basicSelenium.Mousehover -->
