<?xml version="1.0" encoding="UTF-8"?>
<!-- Generated by org.testng.reporters.JUnitReportReporter -->
<testsuite hostname="DESKTOP-JL3SFV8" failures="0" tests="2" name="com.crm.comcast.orgtest.CreateOrgTest" time="0.021" errors="0" timestamp="2024-06-12T15:49:28 IST" skipped="0">
  <testcase classname="com.crm.comcast.orgtest.CreateOrgTest" name="createOrgWithIndustries" time="0.013"/>
  <testcase classname="com.crm.comcast.orgtest.CreateOrgTest" name="createOrgTest" time="0.008"/>
</testsuite> <!-- com.crm.comcast.orgtest.CreateOrgTest -->
