<?xml version="1.0" encoding="UTF-8"?>
<!-- Generated by org.testng.reporters.JUnitReportReporter -->
<testsuite hostname="DESKTOP-JL3SFV8" failures="0" tests="3" name="practice.testng.CreateContact_DP_Test" time="0.016" errors="0" timestamp="2024-06-10T12:57:48 IST" skipped="0">
  <testcase classname="practice.testng.CreateContact_DP_Test" name="createContactTest" time="0.010"/>
  <testcase classname="practice.testng.CreateContact_DP_Test" name="createContactTest" time="0.001"/>
  <testcase classname="practice.testng.CreateContact_DP_Test" name="createContactTest" time="0.005"/>
</testsuite> <!-- practice.testng.CreateContact_DP_Test -->
