<?xml version="1.0" encoding="UTF-8"?>
<!-- Generated by org.testng.reporters.JUnitReportReporter -->
<testsuite hostname="DESKTOP-JL3SFV8" failures="0" tests="2" name="com.crm.generic.baseutility.CreateOrgTest" time="0.037" errors="0" timestamp="2024-06-12T15:38:54 IST" skipped="0">
  <testcase classname="com.crm.generic.baseutility.CreateOrgTest" name="createOrgWithIndustries" time="0.009"/>
  <testcase classname="com.crm.generic.baseutility.CreateOrgTest" name="createOrgTest" time="0.028"/>
</testsuite> <!-- com.crm.generic.baseutility.CreateOrgTest -->
