<?xml version="1.0" encoding="UTF-8"?>
<!-- Generated by org.testng.reporters.JUnitReportReporter -->
<testsuite hostname="DESKTOP-JL3SFV8" failures="0" tests="1" name="basicSelenium.samp" time="25.003" errors="0" timestamp="2024-10-08T12:39:40 IST" skipped="0">
  <testcase classname="basicSelenium.samp" name="disabled" time="25.003"/>
</testsuite> <!-- basicSelenium.samp -->
