<?xml version="1.0" encoding="UTF-8"?>
<!-- Generated by org.testng.reporters.JUnitReportReporter -->
<testsuite hostname="DESKTOP-JL3SFV8" failures="0" tests="1" name="practice.datadriventesting.SeleniumTestReadDataFromRunTime" time="0.021" errors="0" timestamp="2024-05-22T09:56:04 IST" skipped="0">
  <testcase classname="practice.datadriventesting.SeleniumTestReadDataFromRunTime" name="seleniumTest" time="0.021"/>
</testsuite> <!-- practice.datadriventesting.SeleniumTestReadDataFromRunTime -->
