<?xml version="1.0" encoding="UTF-8"?>
<!-- Generated by org.testng.reporters.JUnitReportReporter -->
<testsuite hostname="DESKTOP-JL3SFV8" failures="0" tests="1" name="basicSelenium.KeybordAct" time="22.259" errors="0" timestamp="2024-05-27T13:18:57 IST" skipped="0">
  <testcase classname="basicSelenium.KeybordAct" name="dragAndDrop" time="22.259"/>
</testsuite> <!-- basicSelenium.KeybordAct -->
