<?xml version="1.0" encoding="UTF-8"?>
<!-- Generated by org.testng.reporters.JUnitReportReporter -->
<testsuite hostname="DESKTOP-JL3SFV8" failures="0" tests="3" name="basicSelenium.CheckBox_Scenario" time="65.222" errors="0" timestamp="2024-05-26T16:05:24 IST" skipped="0">
  <testcase classname="basicSelenium.CheckBox_Scenario" name="defaults" time="23.168"/>
  <testcase classname="basicSelenium.CheckBox_Scenario" name="selected" time="20.836"/>
  <testcase classname="basicSelenium.CheckBox_Scenario" name="disabled" time="21.218"/>
</testsuite> <!-- basicSelenium.CheckBox_Scenario -->
