<?xml version="1.0" encoding="UTF-8"?>
<!-- Generated by org.testng.reporters.JUnitReportReporter -->
<testsuite hostname="DESKTOP-JL3SFV8" failures="0" tests="3" name="practice.testng.CreateContact_DP_Test2" time="0.023" errors="0" timestamp="2024-06-10T16:41:44 IST" skipped="0">
  <testcase classname="practice.testng.CreateContact_DP_Test2" name="createContactTest" time="0.002"/>
  <testcase classname="practice.testng.CreateContact_DP_Test2" name="createContactTest" time="0.009"/>
  <testcase classname="practice.testng.CreateContact_DP_Test2" name="createContactTest" time="0.012"/>
</testsuite> <!-- practice.testng.CreateContact_DP_Test2 -->
