<?xml version="1.0" encoding="UTF-8"?>
<!-- Generated by org.testng.reporters.JUnitReportReporter -->
<testsuite hostname="DESKTOP-JL3SFV8" failures="0" tests="1" name="practice.testng.SampleTestForScreenShot" time="7.621" errors="0" timestamp="2024-06-18T13:15:17 IST" skipped="0">
  <testcase classname="practice.testng.SampleTestForScreenShot" name="amazonTest" time="7.621"/>
</testsuite> <!-- practice.testng.SampleTestForScreenShot -->
