<?xml version="1.0" encoding="UTF-8"?>
<!-- Generated by org.testng.reporters.JUnitReportReporter -->
<testsuite hostname="DESKTOP-JL3SFV8" failures="0" tests="3" name="basicSelenium.Radio_Scenario" time="45.488" errors="0" timestamp="2024-05-26T15:39:45 IST" skipped="0">
  <testcase classname="basicSelenium.Radio_Scenario" name="defaults" time="15.085"/>
  <testcase classname="basicSelenium.Radio_Scenario" name="selected" time="15.475"/>
  <testcase classname="basicSelenium.Radio_Scenario" name="disabled" time="14.928"/>
</testsuite> <!-- basicSelenium.Radio_Scenario -->
