<?xml version="1.0" encoding="UTF-8"?>
<!-- Generated by org.testng.reporters.JUnitReportReporter -->
<testsuite hostname="DESKTOP-JL3SFV8" failures="0" tests="1" name="basicSelenium.DropDown_Scenario" time="23.006" errors="0" timestamp="2024-05-30T17:49:46 IST" skipped="0">
  <testcase classname="basicSelenium.DropDown_Scenario" name="singleSelectDD" time="23.006"/>
</testsuite> <!-- basicSelenium.DropDown_Scenario -->
