<?xml version="1.0" encoding="UTF-8"?>
<!-- Generated by org.testng.reporters.JUnitReportReporter -->
<testsuite hostname="DESKTOP-JL3SFV8" failures="0" tests="1" name="practice.pom.repository.SampleTestWithPom" time="9.443" errors="0" timestamp="2024-06-05T10:07:20 IST" skipped="0">
  <testcase classname="practice.pom.repository.SampleTestWithPom" name="sampleTest" time="9.443"/>
</testsuite> <!-- practice.pom.repository.SampleTestWithPom -->
