<?xml version="1.0" encoding="UTF-8"?>
<!-- Generated by org.testng.reporters.JUnitReportReporter -->
<testsuite hostname="DESKTOP-JL3SFV8" failures="0" tests="1" name="basicSelenium.Toggle_Scenario" time="26.075" errors="0" timestamp="2024-05-26T16:25:28 IST" skipped="0">
  <testcase classname="basicSelenium.Toggle_Scenario" name="defaults" time="26.075"/>
</testsuite> <!-- basicSelenium.Toggle_Scenario -->
