<?xml version="1.0" encoding="UTF-8"?>
<!-- Generated by org.testng.reporters.JUnitReportReporter -->
<testsuite hostname="DESKTOP-JL3SFV8" failures="0" tests="2" name="com.crm.generic.baseutility.CreateContactTest" time="0.015" errors="0" timestamp="2024-06-12T15:40:29 IST" skipped="0">
  <testcase classname="com.crm.generic.baseutility.CreateContactTest" name="createContactWithDate" time="0.004"/>
  <testcase classname="com.crm.generic.baseutility.CreateContactTest" name="createContact" time="0.011"/>
</testsuite> <!-- com.crm.generic.baseutility.CreateContactTest -->
