<?xml version="1.0" encoding="UTF-8"?>
<!-- Generated by org.testng.reporters.JUnitReportReporter -->
<testsuite hostname="DESKTOP-JL3SFV8" failures="0" tests="2" name="com.pac1.CreateContactTest" time="0.012" errors="0" timestamp="2024-06-11T16:37:00 IST" skipped="0">
  <testcase classname="com.pac1.CreateContactTest" name="createContactDate" time="0.002"/>
  <testcase classname="com.pac1.CreateContactTest" name="createContact" time="0.010"/>
</testsuite> <!-- com.pac1.CreateContactTest -->
