<?xml version="1.0" encoding="UTF-8"?>
<!-- Generated by org.testng.reporters.JUnitReportReporter -->
<testsuite hostname="DESKTOP-JL3SFV8" failures="0" tests="1" name="basicSelenium.Synchronization" time="18.311" errors="0" timestamp="2024-05-27T11:14:32 IST" skipped="0">
  <testcase classname="basicSelenium.Synchronization" name="progressBar" time="18.311"/>
</testsuite> <!-- basicSelenium.Synchronization -->
