<?xml version="1.0" encoding="UTF-8"?>
<!-- Generated by org.testng.reporters.JUnitReportReporter -->
<testsuite hostname="DESKTOP-JL3SFV8" failures="0" tests="1" name="basicSelenium.Button_Scenario" time="21.854" errors="0" timestamp="2024-05-26T00:50:38 IST" skipped="0">
  <testcase classname="basicSelenium.Button_Scenario" name="doubleClick" time="21.854"/>
</testsuite> <!-- basicSelenium.Button_Scenario -->
